<?xml version="1.0" encoding="UTF-8"?>
<testng-results skipped="0" failed="0" ignored="0" total="1" passed="1">
  <reporter-output>
  </reporter-output>
  <suite name="Default suite" duration-ms="2483" started-at="2018-07-02T14:06:14Z" finished-at="2018-07-02T14:06:16Z">
    <groups>
    </groups>
    <test name="Default test" duration-ms="2483" started-at="2018-07-02T14:06:14Z" finished-at="2018-07-02T14:06:16Z">
      <class name="com.OneAssist.com.OneAssist_API_Automation.testSuite.TestBulkBoarding">
        <test-method status="PASS" signature="testBulkBoardingOASYS()[pri:0, instance:com.OneAssist.com.OneAssist_API_Automation.testSuite.TestBulkBoarding@77cd7a0]" name="testBulkBoardingOASYS" duration-ms="2470" started-at="2018-07-02T14:06:14Z" finished-at="2018-07-02T14:06:16Z">
          <reporter-output>
          </reporter-output>
        </test-method> <!-- testBulkBoardingOASYS -->
      </class> <!-- com.OneAssist.com.OneAssist_API_Automation.testSuite.TestBulkBoarding -->
    </test> <!-- Default test -->
  </suite> <!-- Default suite -->
</testng-results>
